[site118646.nicepage.io/index4d59.html]
[backblue.gif]
[fade.gif]
[index.html]
[site118646.nicepage.io/Home.css]
[site118646.nicepage.io/nicepage.css]
[site118646.nicepage.io/Home.html]
[capp.nicepage.com/01db292f7dec5dea9f984582599f825173540652/nicepage.js]
[images01.nicepage.com/37375393aaf792ff3352d6f2/11a0f84f6f3d5dc3990e23ed/Viswashh1.png]
[images01.nicepage.com/37375393aaf792ff3352d6f2/a17fca7e7cfa5610b00c3f1f/1384063.png]
[images01.nicepage.com/37375393aaf792ff3352d6f2/6d0be65421ae5b9db0d04112/5968732.png]
[capp.nicepage.com/assets/jquery-1.9.1.min.js]
[images01.nicepage.com/37375393aaf792ff3352d6f2/3f608331e4185334b4108a1b/1384060.png]
[images01.nicepage.com/37375393aaf792ff3352d6f2/a5647df3d29c50c9a0657849/6806987.png]
[site118646.nicepage.io/index4d59.html]
[site118646.nicepage.io/nicepage.css]
[images01.nicepage.com/37375393aaf792ff3352d6f2/204a2108d30c51b9b6c4e196/637548.jpg]
[images01.nicepage.com/37375393aaf792ff3352d6f2/7a0ce024938652d1aa2f1ec2/PP1.jpg]
[site118646.nicepage.io/Home.css]
[capp.nicepage.com/01db292f7dec5dea9f984582599f825173540652/nicepage.js]
[site118646.nicepage.io/ABCDEFGHIJKLMNOPQRSTUVWXYZabcdefghijklmnopqrstuvwxyz0123456789+/index.html]
[site118646.nicepage.io/Content/BundledScripts/index.html]
[site118646.nicepage.io/Home.html]
[site118646.nicepage.io/404.css]
[site118646.nicepage.io/Content/BundledScripts/index.html]
[site118646.nicepage.io/ABCDEFGHIJKLMNOPQRSTUVWXYZabcdefghijklmnopqrstuvwxyz0123456789+/index.html]
[site118646.nicepage.io/404.css]
